<?xml version="1.0" encoding="UTF-8"?>
<testng-results ignored="0" total="1" passed="1" failed="0" skipped="0">
  <reporter-output>
  </reporter-output>
  <suite started-at="2024-09-12T00:09:04 IST" name="Default suite" finished-at="2024-09-12T00:09:04 IST" duration-ms="82">
    <groups>
    </groups>
    <test started-at="2024-09-12T00:09:04 IST" name="Default test" finished-at="2024-09-12T00:09:04 IST" duration-ms="82">
      <class name="com.RestAssured.GoRestAllv2Users">
        <test-method is-config="true" signature="beforeMethod()[pri:0, instance:com.RestAssured.GoRestAllv2Users@54bff557]" started-at="2024-09-12T00:09:04 IST" name="beforeMethod" finished-at="2024-09-12T00:09:04 IST" duration-ms="8" status="PASS">
          <reporter-output>
          </reporter-output>
        </test-method> <!-- beforeMethod -->
        <test-method signature="ValidateGoRestIndV2AllUsers()[pri:0, instance:com.RestAssured.GoRestAllv2Users@54bff557]" started-at="2024-09-12T00:09:04 IST" name="ValidateGoRestIndV2AllUsers" finished-at="2024-09-12T00:09:04 IST" duration-ms="7" status="PASS">
          <reporter-output>
          </reporter-output>
        </test-method> <!-- ValidateGoRestIndV2AllUsers -->
        <test-method is-config="true" signature="afterMethod()[pri:0, instance:com.RestAssured.GoRestAllv2Users@54bff557]" started-at="2024-09-12T00:09:04 IST" name="afterMethod" finished-at="2024-09-12T00:09:04 IST" duration-ms="0" status="PASS">
          <reporter-output>
          </reporter-output>
        </test-method> <!-- afterMethod -->
      </class> <!-- com.RestAssured.GoRestAllv2Users -->
    </test> <!-- Default test -->
  </suite> <!-- Default suite -->
</testng-results>
